2023-12-07 22:06:37,336 INFO notifyConnectTimeout:200

2023-12-07 22:06:37,343 INFO notifySocketTimeout:8000

2023-12-07 22:06:37,343 INFO isHealthCheck:true

2023-12-07 22:06:37,343 INFO maxHealthCheckFailCount:12

2023-12-07 22:06:37,343 INFO maxContent:10485760

2023-12-07 22:06:41,144 INFO use local db service for init

2023-12-07 22:06:41,768 WARN Lexical error at line 4, column 66.  Encountered: <EOF> after : "".

2023-12-07 22:06:41,773 WARN Syntax error: Encountered "*" at line 1, column 1.

2023-12-07 22:06:41,829 WARN Table/View 'CONFIG_INFO' already exists in Schema 'NACOS'.

2023-12-07 22:06:41,877 WARN Table/View 'HIS_CONFIG_INFO' already exists in Schema 'NACOS'.

2023-12-07 22:06:41,900 WARN Table/View 'CONFIG_INFO_BETA' already exists in Schema 'NACOS'.

2023-12-07 22:06:41,912 WARN Table/View 'CONFIG_INFO_TAG' already exists in Schema 'NACOS'.

2023-12-07 22:06:41,923 WARN Table/View 'CONFIG_INFO_AGGR' already exists in Schema 'NACOS'.

2023-12-07 22:06:41,933 WARN Table/View 'APP_LIST' already exists in Schema 'NACOS'.

2023-12-07 22:06:41,942 WARN Table/View 'APP_CONFIGDATA_RELATION_SUBS' already exists in Schema 'NACOS'.

2023-12-07 22:06:41,949 WARN Table/View 'APP_CONFIGDATA_RELATION_PUBS' already exists in Schema 'NACOS'.

2023-12-07 22:06:41,960 WARN Table/View 'CONFIG_TAGS_RELATION' already exists in Schema 'NACOS'.

2023-12-07 22:06:41,973 WARN Table/View 'GROUP_CAPACITY' already exists in Schema 'NACOS'.

2023-12-07 22:06:41,983 WARN Table/View 'TENANT_CAPACITY' already exists in Schema 'NACOS'.

2023-12-07 22:06:41,991 WARN Table/View 'TENANT_INFO' already exists in Schema 'NACOS'.

2023-12-07 22:06:42,005 WARN Table/View 'USERS' already exists in Schema 'NACOS'.

2023-12-07 22:06:42,013 WARN Table/View 'ROLES' already exists in Schema 'NACOS'.

2023-12-07 22:06:42,022 WARN Table/View 'PERMISSIONS' already exists in Schema 'NACOS'.

2023-12-07 22:06:42,071 WARN The statement was aborted because it would have caused a duplicate key value in a unique or primary key constraint or unique index identified by 'SQL231206114527740' defined on 'USERS'.

2023-12-07 22:06:42,076 WARN The statement was aborted because it would have caused a duplicate key value in a unique or primary key constraint or unique index identified by 'UK_USERNAME_ROLE' defined on 'ROLES'.

2023-12-07 22:06:42,077 WARN Lexical error at line 4, column 13.  Encountered: "`" (96), after : "".

2023-12-07 22:06:42,077 WARN Lexical error at line 1, column 13.  Encountered: "`" (96), after : "".

2023-12-07 22:06:42,077 WARN Lexical error at line 1, column 13.  Encountered: "`" (96), after : "".

2023-12-07 22:06:42,078 WARN Lexical error at line 1, column 13.  Encountered: "`" (96), after : "".

2023-12-07 22:06:42,078 INFO use StandaloneDatabaseOperateImpl

2023-12-07 22:06:43,505 WARN DumpService start

2023-12-07 22:06:43,506 INFO start clear all config-info.

2023-12-07 22:06:43,507 WARN clear all config-info failed.

2023-12-07 22:06:43,507 WARN clear all config-info-tenant failed.

2023-12-07 22:06:43,794 INFO [all-dump] 706475474085220352 / 706475474085220352

2023-12-07 22:06:43,794 INFO start clear all config-info-beta.

2023-12-07 22:06:43,794 WARN clear all config-info-beta failed.

2023-12-07 22:06:43,794 WARN clear all config-info-beta-tenant failed.

2023-12-07 22:06:43,808 INFO start clear all config-info-tag.

2023-12-07 22:06:43,808 WARN clear all config-info-tag failed.

2023-12-07 22:06:43,808 WARN clear all config-info-tag-tenant failed.

2023-12-07 22:36:54,229 INFO notifyConnectTimeout:200

2023-12-07 22:36:54,231 INFO notifySocketTimeout:8000

2023-12-07 22:36:54,231 INFO isHealthCheck:true

2023-12-07 22:36:54,232 INFO maxHealthCheckFailCount:12

2023-12-07 22:36:54,232 INFO maxContent:10485760

2023-12-07 22:36:57,783 INFO use local db service for init

2023-12-07 22:36:59,030 ERROR Failed to start database 'E:\code_cache\springCloudAlibabaStu\SpringCloudStu\nacos\data\derby-data' with class loader org.springframework.boot.loader.LaunchedURLClassLoader@26a1ab54, see the next exception for details.

java.sql.SQLException: Failed to start database 'E:\code_cache\springCloudAlibabaStu\SpringCloudStu\nacos\data\derby-data' with class loader org.springframework.boot.loader.LaunchedURLClassLoader@26a1ab54, see the next exception for details.
	at org.apache.derby.impl.jdbc.SQLExceptionFactory.getSQLException(Unknown Source)
	at org.apache.derby.impl.jdbc.SQLExceptionFactory.getSQLException(Unknown Source)
	at org.apache.derby.impl.jdbc.Util.seeNextException(Unknown Source)
	at org.apache.derby.impl.jdbc.EmbedConnection.bootDatabase(Unknown Source)
	at org.apache.derby.impl.jdbc.EmbedConnection.<init>(Unknown Source)
	at org.apache.derby.jdbc.InternalDriver$1.run(Unknown Source)
	at org.apache.derby.jdbc.InternalDriver$1.run(Unknown Source)
	at java.security.AccessController.doPrivileged(Native Method)
	at org.apache.derby.jdbc.InternalDriver.getNewEmbedConnection(Unknown Source)
	at org.apache.derby.jdbc.InternalDriver$LoginCallable.call(Unknown Source)
	at org.apache.derby.jdbc.InternalDriver$LoginCallable.call(Unknown Source)
	at java.util.concurrent.FutureTask.run(FutureTask.java:266)
	at java.util.concurrent.ThreadPoolExecutor.runWorker(ThreadPoolExecutor.java:1149)
	at java.util.concurrent.ThreadPoolExecutor$Worker.run(ThreadPoolExecutor.java:624)
	at java.lang.Thread.run(Thread.java:750)
Caused by: org.apache.derby.iapi.error.StandardException: Failed to start database 'E:\code_cache\springCloudAlibabaStu\SpringCloudStu\nacos\data\derby-data' with class loader org.springframework.boot.loader.LaunchedURLClassLoader@26a1ab54, see the next exception for details.
	at org.apache.derby.iapi.error.StandardException.newException(Unknown Source)
	at org.apache.derby.impl.jdbc.SQLExceptionFactory.wrapArgsForTransportAcrossDRDA(Unknown Source)
	... 15 common frames omitted
Caused by: org.apache.derby.iapi.error.StandardException: Another instance of Derby may have already booted the database E:\code_cache\springCloudAlibabaStu\SpringCloudStu\nacos\data\derby-data.
	at org.apache.derby.iapi.error.StandardException.newException(Unknown Source)
	at org.apache.derby.iapi.error.StandardException.newException(Unknown Source)
	at org.apache.derby.impl.store.raw.data.BaseDataFileFactory.privGetJBMSLockOnDB(Unknown Source)
	at org.apache.derby.impl.store.raw.data.BaseDataFileFactory.run(Unknown Source)
	at java.security.AccessController.doPrivileged(Native Method)
	at org.apache.derby.impl.store.raw.data.BaseDataFileFactory.getJBMSLockOnDB(Unknown Source)
	at org.apache.derby.impl.store.raw.data.BaseDataFileFactory.boot(Unknown Source)
	at org.apache.derby.impl.services.monitor.BaseMonitor.boot(Unknown Source)
	at org.apache.derby.impl.services.monitor.TopService.bootModule(Unknown Source)
	at org.apache.derby.impl.services.monitor.BaseMonitor.startModule(Unknown Source)
	at org.apache.derby.impl.services.monitor.FileMonitor.startModule(Unknown Source)
	at org.apache.derby.iapi.services.monitor.Monitor.bootServiceModule(Unknown Source)
	at org.apache.derby.impl.store.raw.RawStore$6.run(Unknown Source)
	at java.security.AccessController.doPrivileged(Native Method)
	at org.apache.derby.impl.store.raw.RawStore.bootServiceModule(Unknown Source)
	at org.apache.derby.impl.store.raw.RawStore.boot(Unknown Source)
	at org.apache.derby.impl.services.monitor.BaseMonitor.boot(Unknown Source)
	at org.apache.derby.impl.services.monitor.TopService.bootModule(Unknown Source)
	at org.apache.derby.impl.services.monitor.BaseMonitor.startModule(Unknown Source)
	at org.apache.derby.impl.services.monitor.FileMonitor.startModule(Unknown Source)
	at org.apache.derby.iapi.services.monitor.Monitor.bootServiceModule(Unknown Source)
	at org.apache.derby.impl.store.access.RAMAccessManager$5.run(Unknown Source)
	at java.security.AccessController.doPrivileged(Native Method)
	at org.apache.derby.impl.store.access.RAMAccessManager.bootServiceModule(Unknown Source)
	at org.apache.derby.impl.store.access.RAMAccessManager.boot(Unknown Source)
	at org.apache.derby.impl.services.monitor.BaseMonitor.boot(Unknown Source)
	at org.apache.derby.impl.services.monitor.TopService.bootModule(Unknown Source)
	at org.apache.derby.impl.services.monitor.BaseMonitor.startModule(Unknown Source)
	at org.apache.derby.impl.services.monitor.FileMonitor.startModule(Unknown Source)
	at org.apache.derby.iapi.services.monitor.Monitor.bootServiceModule(Unknown Source)
	at org.apache.derby.impl.db.BasicDatabase$5.run(Unknown Source)
	at java.security.AccessController.doPrivileged(Native Method)
	at org.apache.derby.impl.db.BasicDatabase.bootServiceModule(Unknown Source)
	at org.apache.derby.impl.db.BasicDatabase.bootStore(Unknown Source)
	at org.apache.derby.impl.db.BasicDatabase.boot(Unknown Source)
	at org.apache.derby.impl.services.monitor.BaseMonitor.boot(Unknown Source)
	at org.apache.derby.impl.services.monitor.TopService.bootModule(Unknown Source)
	at org.apache.derby.impl.services.monitor.BaseMonitor.bootService(Unknown Source)
	at org.apache.derby.impl.services.monitor.BaseMonitor.startProviderService(Unknown Source)
	at org.apache.derby.impl.services.monitor.BaseMonitor.findProviderAndStartService(Unknown Source)
	at org.apache.derby.impl.services.monitor.BaseMonitor.startPersistentService(Unknown Source)
	at org.apache.derby.iapi.services.monitor.Monitor.startPersistentService(Unknown Source)
	at org.apache.derby.impl.jdbc.EmbedConnection$4.run(Unknown Source)
	at org.apache.derby.impl.jdbc.EmbedConnection$4.run(Unknown Source)
	at java.security.AccessController.doPrivileged(Native Method)
	at org.apache.derby.impl.jdbc.EmbedConnection.startPersistentService(Unknown Source)
	... 12 common frames omitted
2023-12-07 22:37:08,326 INFO notifyConnectTimeout:200

2023-12-07 22:37:08,330 INFO notifySocketTimeout:8000

2023-12-07 22:37:08,330 INFO isHealthCheck:true

2023-12-07 22:37:08,330 INFO maxHealthCheckFailCount:12

2023-12-07 22:37:08,330 INFO maxContent:10485760

2023-12-07 22:37:12,332 INFO notifyConnectTimeout:200

2023-12-07 22:37:12,336 INFO notifySocketTimeout:8000

2023-12-07 22:37:12,336 INFO isHealthCheck:true

2023-12-07 22:37:12,336 INFO maxHealthCheckFailCount:12

2023-12-07 22:37:12,336 INFO maxContent:10485760

2023-12-07 22:37:15,838 INFO use local db service for init

2023-12-07 22:37:16,411 WARN Lexical error at line 4, column 66.  Encountered: <EOF> after : "".

2023-12-07 22:37:16,434 WARN Syntax error: Encountered "*" at line 1, column 1.

2023-12-07 22:37:16,485 WARN Table/View 'CONFIG_INFO' already exists in Schema 'NACOS'.

2023-12-07 22:37:16,555 WARN Table/View 'HIS_CONFIG_INFO' already exists in Schema 'NACOS'.

2023-12-07 22:37:16,586 WARN Table/View 'CONFIG_INFO_BETA' already exists in Schema 'NACOS'.

2023-12-07 22:37:16,598 WARN Table/View 'CONFIG_INFO_TAG' already exists in Schema 'NACOS'.

2023-12-07 22:37:16,611 WARN Table/View 'CONFIG_INFO_AGGR' already exists in Schema 'NACOS'.

2023-12-07 22:37:16,620 WARN Table/View 'APP_LIST' already exists in Schema 'NACOS'.

2023-12-07 22:37:16,628 WARN Table/View 'APP_CONFIGDATA_RELATION_SUBS' already exists in Schema 'NACOS'.

2023-12-07 22:37:16,640 WARN Table/View 'APP_CONFIGDATA_RELATION_PUBS' already exists in Schema 'NACOS'.

2023-12-07 22:37:16,650 WARN Table/View 'CONFIG_TAGS_RELATION' already exists in Schema 'NACOS'.

2023-12-07 22:37:16,664 WARN Table/View 'GROUP_CAPACITY' already exists in Schema 'NACOS'.

2023-12-07 22:37:16,674 WARN Table/View 'TENANT_CAPACITY' already exists in Schema 'NACOS'.

2023-12-07 22:37:16,682 WARN Table/View 'TENANT_INFO' already exists in Schema 'NACOS'.

2023-12-07 22:37:16,694 WARN Table/View 'USERS' already exists in Schema 'NACOS'.

2023-12-07 22:37:16,702 WARN Table/View 'ROLES' already exists in Schema 'NACOS'.

2023-12-07 22:37:16,711 WARN Table/View 'PERMISSIONS' already exists in Schema 'NACOS'.

2023-12-07 22:37:16,761 WARN The statement was aborted because it would have caused a duplicate key value in a unique or primary key constraint or unique index identified by 'SQL231206114527740' defined on 'USERS'.

2023-12-07 22:37:16,766 WARN The statement was aborted because it would have caused a duplicate key value in a unique or primary key constraint or unique index identified by 'UK_USERNAME_ROLE' defined on 'ROLES'.

2023-12-07 22:37:16,767 WARN Lexical error at line 4, column 13.  Encountered: "`" (96), after : "".

2023-12-07 22:37:16,767 WARN Lexical error at line 1, column 13.  Encountered: "`" (96), after : "".

2023-12-07 22:37:16,767 WARN Lexical error at line 1, column 13.  Encountered: "`" (96), after : "".

2023-12-07 22:37:16,767 WARN Lexical error at line 1, column 13.  Encountered: "`" (96), after : "".

2023-12-07 22:37:16,767 INFO use StandaloneDatabaseOperateImpl

2023-12-07 22:37:18,200 WARN DumpService start

2023-12-07 22:37:18,201 INFO start clear all config-info.

2023-12-07 22:37:18,202 WARN clear all config-info failed.

2023-12-07 22:37:18,202 WARN clear all config-info-tenant failed.

2023-12-07 22:37:18,584 INFO [all-dump] 706475474085220352 / 706475474085220352

2023-12-07 22:37:18,584 INFO start clear all config-info-beta.

2023-12-07 22:37:18,584 WARN clear all config-info-beta failed.

2023-12-07 22:37:18,585 WARN clear all config-info-beta-tenant failed.

2023-12-07 22:37:18,607 INFO start clear all config-info-tag.

2023-12-07 22:37:18,608 WARN clear all config-info-tag failed.

2023-12-07 22:37:18,608 WARN clear all config-info-tag-tenant failed.

2023-12-07 22:42:40,333 INFO notifyConnectTimeout:200

2023-12-07 22:42:40,337 INFO notifySocketTimeout:8000

2023-12-07 22:42:40,337 INFO isHealthCheck:true

2023-12-07 22:42:40,337 INFO maxHealthCheckFailCount:12

2023-12-07 22:42:40,337 INFO maxContent:10485760

2023-12-07 22:42:43,661 INFO use local db service for init

2023-12-07 22:42:44,221 WARN Lexical error at line 4, column 66.  Encountered: <EOF> after : "".

2023-12-07 22:42:44,228 WARN Syntax error: Encountered "*" at line 1, column 1.

2023-12-07 22:42:44,286 WARN Table/View 'CONFIG_INFO' already exists in Schema 'NACOS'.

2023-12-07 22:42:44,329 WARN Table/View 'HIS_CONFIG_INFO' already exists in Schema 'NACOS'.

2023-12-07 22:42:44,357 WARN Table/View 'CONFIG_INFO_BETA' already exists in Schema 'NACOS'.

2023-12-07 22:42:44,370 WARN Table/View 'CONFIG_INFO_TAG' already exists in Schema 'NACOS'.

2023-12-07 22:42:44,379 WARN Table/View 'CONFIG_INFO_AGGR' already exists in Schema 'NACOS'.

2023-12-07 22:42:44,391 WARN Table/View 'APP_LIST' already exists in Schema 'NACOS'.

2023-12-07 22:42:44,400 WARN Table/View 'APP_CONFIGDATA_RELATION_SUBS' already exists in Schema 'NACOS'.

2023-12-07 22:42:44,408 WARN Table/View 'APP_CONFIGDATA_RELATION_PUBS' already exists in Schema 'NACOS'.

2023-12-07 22:42:44,416 WARN Table/View 'CONFIG_TAGS_RELATION' already exists in Schema 'NACOS'.

2023-12-07 22:42:44,430 WARN Table/View 'GROUP_CAPACITY' already exists in Schema 'NACOS'.

2023-12-07 22:42:44,439 WARN Table/View 'TENANT_CAPACITY' already exists in Schema 'NACOS'.

2023-12-07 22:42:44,448 WARN Table/View 'TENANT_INFO' already exists in Schema 'NACOS'.

2023-12-07 22:42:44,462 WARN Table/View 'USERS' already exists in Schema 'NACOS'.

2023-12-07 22:42:44,469 WARN Table/View 'ROLES' already exists in Schema 'NACOS'.

2023-12-07 22:42:44,478 WARN Table/View 'PERMISSIONS' already exists in Schema 'NACOS'.

2023-12-07 22:42:44,526 WARN The statement was aborted because it would have caused a duplicate key value in a unique or primary key constraint or unique index identified by 'SQL231206114527740' defined on 'USERS'.

2023-12-07 22:42:44,531 WARN The statement was aborted because it would have caused a duplicate key value in a unique or primary key constraint or unique index identified by 'UK_USERNAME_ROLE' defined on 'ROLES'.

2023-12-07 22:42:44,531 WARN Lexical error at line 4, column 13.  Encountered: "`" (96), after : "".

2023-12-07 22:42:44,532 WARN Lexical error at line 1, column 13.  Encountered: "`" (96), after : "".

2023-12-07 22:42:44,532 WARN Lexical error at line 1, column 13.  Encountered: "`" (96), after : "".

2023-12-07 22:42:44,532 WARN Lexical error at line 1, column 13.  Encountered: "`" (96), after : "".

2023-12-07 22:42:44,532 INFO use StandaloneDatabaseOperateImpl

2023-12-07 22:42:45,916 WARN DumpService start

2023-12-07 22:42:45,917 INFO start clear all config-info.

2023-12-07 22:42:45,918 WARN clear all config-info failed.

2023-12-07 22:42:45,918 WARN clear all config-info-tenant failed.

2023-12-07 22:42:46,306 INFO [all-dump] 706475474085220352 / 706475474085220352

2023-12-07 22:42:46,306 INFO start clear all config-info-beta.

2023-12-07 22:42:46,306 WARN clear all config-info-beta failed.

2023-12-07 22:42:46,306 WARN clear all config-info-beta-tenant failed.

2023-12-07 22:42:46,319 INFO start clear all config-info-tag.

2023-12-07 22:42:46,320 WARN clear all config-info-tag failed.

2023-12-07 22:42:46,320 WARN clear all config-info-tag-tenant failed.

