2023-12-07 00:01:01,013 INFO PERFORMANCE:|3|5|-1|-1

2023-12-07 00:06:01,016 INFO PERFORMANCE:|3|5|-1|-1

2023-12-07 00:11:01,018 INFO PERFORMANCE:|3|5|-1|-1

2023-12-07 00:16:01,020 INFO PERFORMANCE:|3|5|-1|-1

2023-12-07 00:21:01,020 INFO PERFORMANCE:|3|5|-1|-1

2023-12-07 00:26:01,022 INFO PERFORMANCE:|3|5|-1|-1

2023-12-07 00:31:01,024 INFO PERFORMANCE:|3|5|-1|-1

2023-12-07 00:36:01,028 INFO PERFORMANCE:|3|5|-1|-1

2023-12-07 00:41:01,031 INFO PERFORMANCE:|3|5|-1|-1

2023-12-07 22:07:13,838 INFO PERFORMANCE:|0|0|-1|-1

2023-12-07 22:12:13,838 INFO PERFORMANCE:|0|0|-1|-1

2023-12-07 22:17:13,840 INFO PERFORMANCE:|0|0|-1|-1

2023-12-07 22:22:13,840 INFO PERFORMANCE:|0|0|-1|-1

2023-12-07 22:27:13,845 INFO PERFORMANCE:|0|0|-1|-1

2023-12-07 22:32:13,847 INFO PERFORMANCE:|0|0|-1|-1

2023-12-07 22:37:48,641 INFO PERFORMANCE:|0|0|-1|-1

2023-12-07 22:43:16,356 INFO PERFORMANCE:|0|0|-1|-1

2023-12-07 22:48:16,358 INFO PERFORMANCE:|0|0|-1|-1

2023-12-07 22:53:16,359 INFO PERFORMANCE:|0|0|-1|-1

2023-12-07 22:58:16,360 INFO PERFORMANCE:|0|0|-1|-1

