2023-12-18 22:05:32,700 INFO raft peers changed: [Member{ip='192.168.190.1', port=8848, state=UP, extendInfo={raftPort=7848}}]

2023-12-18 22:05:32,788 INFO initializing Raft sub-system

2023-12-18 22:05:32,789 INFO finish loading all datums, size: 0 cost 1 ms.

2023-12-18 22:05:32,794 INFO cache loaded, datum count: 0, current term: 0

2023-12-18 22:05:32,794 INFO finish to load data from disk, cost: 6 ms.

2023-12-18 22:05:32,799 INFO timer started: leader timeout ms: 15000, heart-beat timeout ms: 5000

2023-12-18 22:05:34,616 INFO add listener: com.alibaba.nacos.naming.domains.meta.00-00---000-NACOS_SWITCH_DOMAIN-000---00-00

2023-12-18 22:05:34,658 INFO add listener: com.alibaba.nacos.naming.domains.meta.

2023-12-18 22:05:37,676 WARN start to close old raft protocol!!!

2023-12-18 22:05:37,676 WARN stop old raft protocol task for notifier

2023-12-18 22:05:37,676 WARN stop old raft protocol task for master task

2023-12-18 22:05:37,676 WARN stop old raft protocol task for heartbeat task

2023-12-18 22:05:37,676 WARN clean old cache datum for old raft

2023-12-18 22:05:37,676 WARN start to close old raft protocol!!!

2023-12-18 22:05:37,676 WARN stop old raft protocol task for notifier

2023-12-18 22:05:37,676 WARN stop old raft protocol task for master task

2023-12-18 22:05:37,676 WARN stop old raft protocol task for heartbeat task

2023-12-18 22:05:37,676 WARN clean old cache datum for old raft

2023-12-18 22:05:37,676 WARN start to move old raft protocol metadata

2023-12-18 22:05:37,703 WARN start to move old raft protocol metadata

2023-12-18 22:05:37,704 INFO raft peers changed: [Member{ip='192.168.190.1', port=8848, state=UP, extendInfo={lastRefreshTime=1702908337703, raftPort=7848, version=1.4.3}}]

2023-12-18 22:06:05,871 INFO add listener: com.alibaba.nacos.naming.iplist.4f951b28-e2e2-46d6-9c2b-448fd33895dc##DEFAULT_GROUP@@book-service

2023-12-18 22:06:05,872 INFO add listener: com.alibaba.nacos.naming.iplist.4f951b28-e2e2-46d6-9c2b-448fd33895dc##DEFAULT_GROUP@@book-service

2023-12-18 22:06:12,687 INFO add listener: com.alibaba.nacos.naming.iplist.4f951b28-e2e2-46d6-9c2b-448fd33895dc##DEFAULT_GROUP@@user-service

2023-12-18 22:06:23,305 INFO add listener: com.alibaba.nacos.naming.iplist.4f951b28-e2e2-46d6-9c2b-448fd33895dc##DEFAULT_GROUP@@borrow-service

2023-12-18 22:08:51,715 INFO raft peers changed: [Member{ip='192.168.190.1', port=8848, state=UP, extendInfo={raftPort=7848}}]

2023-12-18 22:08:51,747 INFO initializing Raft sub-system

2023-12-18 22:08:51,747 INFO finish loading all datums, size: 0 cost 0 ms.

2023-12-18 22:08:51,750 INFO cache loaded, datum count: 0, current term: 0

2023-12-18 22:08:51,750 INFO finish to load data from disk, cost: 3 ms.

2023-12-18 22:08:51,753 INFO timer started: leader timeout ms: 15000, heart-beat timeout ms: 5000

2023-12-18 22:08:52,418 INFO add listener: com.alibaba.nacos.naming.domains.meta.00-00---000-NACOS_SWITCH_DOMAIN-000---00-00

2023-12-18 22:08:52,439 INFO add listener: com.alibaba.nacos.naming.domains.meta.

2023-12-18 22:08:56,699 WARN start to close old raft protocol!!!

2023-12-18 22:08:56,699 WARN stop old raft protocol task for notifier

2023-12-18 22:08:56,699 WARN stop old raft protocol task for master task

2023-12-18 22:08:56,699 WARN stop old raft protocol task for heartbeat task

2023-12-18 22:08:56,699 WARN clean old cache datum for old raft

2023-12-18 22:08:56,699 WARN start to close old raft protocol!!!

2023-12-18 22:08:56,699 WARN stop old raft protocol task for notifier

2023-12-18 22:08:56,699 WARN stop old raft protocol task for master task

2023-12-18 22:08:56,699 WARN stop old raft protocol task for heartbeat task

2023-12-18 22:08:56,699 WARN clean old cache datum for old raft

2023-12-18 22:08:56,699 WARN start to move old raft protocol metadata

2023-12-18 22:08:56,700 WARN start to move old raft protocol metadata

2023-12-18 22:08:56,701 INFO raft peers changed: [Member{ip='192.168.190.1', port=8848, state=UP, extendInfo={lastRefreshTime=1702908536700, raftPort=7848, version=1.4.3}}]

2023-12-18 22:09:51,186 INFO add listener: com.alibaba.nacos.naming.iplist.4f951b28-e2e2-46d6-9c2b-448fd33895dc##DEFAULT_GROUP@@book-service

2023-12-18 22:09:58,004 INFO add listener: com.alibaba.nacos.naming.iplist.4f951b28-e2e2-46d6-9c2b-448fd33895dc##DEFAULT_GROUP@@user-service

2023-12-18 22:10:02,950 INFO add listener: com.alibaba.nacos.naming.iplist.4f951b28-e2e2-46d6-9c2b-448fd33895dc##DEFAULT_GROUP@@borrow-service

2023-12-18 23:55:02,773 INFO raft peers changed: [Member{ip='192.168.190.1', port=8848, state=UP, extendInfo={raftPort=7848}}]

2023-12-18 23:55:02,810 INFO initializing Raft sub-system

2023-12-18 23:55:02,811 INFO finish loading all datums, size: 0 cost 1 ms.

2023-12-18 23:55:02,815 INFO cache loaded, datum count: 0, current term: 0

2023-12-18 23:55:02,815 INFO finish to load data from disk, cost: 5 ms.

2023-12-18 23:55:02,818 INFO timer started: leader timeout ms: 15000, heart-beat timeout ms: 5000

2023-12-18 23:55:03,626 INFO add listener: com.alibaba.nacos.naming.domains.meta.00-00---000-NACOS_SWITCH_DOMAIN-000---00-00

2023-12-18 23:55:03,644 INFO add listener: com.alibaba.nacos.naming.domains.meta.

2023-12-18 23:55:07,759 WARN start to close old raft protocol!!!

2023-12-18 23:55:07,759 WARN stop old raft protocol task for notifier

2023-12-18 23:55:07,759 WARN stop old raft protocol task for master task

2023-12-18 23:55:07,759 WARN stop old raft protocol task for heartbeat task

2023-12-18 23:55:07,759 WARN clean old cache datum for old raft

2023-12-18 23:55:07,759 WARN start to close old raft protocol!!!

2023-12-18 23:55:07,759 WARN stop old raft protocol task for notifier

2023-12-18 23:55:07,759 WARN stop old raft protocol task for master task

2023-12-18 23:55:07,759 WARN stop old raft protocol task for heartbeat task

2023-12-18 23:55:07,759 WARN clean old cache datum for old raft

2023-12-18 23:55:07,759 WARN start to move old raft protocol metadata

2023-12-18 23:55:07,761 WARN start to move old raft protocol metadata

2023-12-18 23:55:07,761 INFO raft peers changed: [Member{ip='192.168.190.1', port=8848, state=UP, extendInfo={lastRefreshTime=1702914907760, raftPort=7848, version=1.4.3}}]

2023-12-18 23:55:10,966 INFO add listener: com.alibaba.nacos.naming.iplist.b13a353e-a2c5-45cb-8e6f-c231ee7f5f27##SEATA_GROUP@@seata-server

2023-12-18 23:55:28,015 INFO add listener: com.alibaba.nacos.naming.iplist.4f951b28-e2e2-46d6-9c2b-448fd33895dc##DEFAULT_GROUP@@book-service

2023-12-18 23:55:33,920 INFO add listener: com.alibaba.nacos.naming.iplist.4f951b28-e2e2-46d6-9c2b-448fd33895dc##DEFAULT_GROUP@@user-service

2023-12-18 23:55:35,338 INFO add listener: com.alibaba.nacos.naming.iplist.4f951b28-e2e2-46d6-9c2b-448fd33895dc##DEFAULT_GROUP@@borrow-service

